The target system is: Android - 1 - i686
The host system is: Windows - 10.0.17134 - AMD64
Determining if the C compiler works passed with the following output:
Change Dir: C:/Users/yisra/AndroidStudioProjects/SuperPowered/Examples_Android/SuperpoweredPlayer - Copy/app/.cxx/cmake/release/x86/CMakeFiles/CMakeTmp

Run Build Command:"C:\Users\yisra\AppData\Local\Android\Sdk\cmake\3.10.2.4988404\bin\ninja.exe" "cmTC_5ece5"
[1/2] Building C object CMakeFiles/cmTC_5ece5.dir/testCCompiler.c.o
[2/2] Linking C executable cmTC_5ece5


Detecting C compiler ABI info compiled with the following output:
Change Dir: C:/Users/yisra/AndroidStudioProjects/SuperPowered/Examples_Android/SuperpoweredPlayer - Copy/app/.cxx/cmake/release/x86/CMakeFiles/CMakeTmp

Run Build Command:"C:\Users\yisra\AppData\Local\Android\Sdk\cmake\3.10.2.4988404\bin\ninja.exe" "cmTC_1ae95"
[1/2] Building C object CMakeFiles/cmTC_1ae95.dir/CMakeCCompilerABI.c.o
[2/2] Linking C executable cmTC_1ae95
Android (6317467 based on r365631c1) clang version 9.0.8 (https://android.googlesource.com/toolchain/llvm-project e0caee08e5f09b374a27a676d04978c81fcb1928) (based on LLVM 9.0.8svn)
Target: i686-none-linux-android19
Thread model: posix
InstalledDir: C:\Users\yisra\AppData\Local\Android\Sdk\ndk\21.1.6352462\toolchains\llvm\prebuilt\windows-x86_64\bin
Found candidate GCC installation: C:/Users/yisra/AppData/Local/Android/Sdk/ndk/21.1.6352462/toolchains/llvm/prebuilt/windows-x86_64/lib/gcc/i686-linux-android\4.9.x
Found candidate GCC installation: C:/Users/yisra/AppData/Local/Android/Sdk/ndk/21.1.6352462/toolchains/llvm/prebuilt/windows-x86_64/lib/gcc/x86_64-linux-android\4.9.x
Selected GCC installation: C:/Users/yisra/AppData/Local/Android/Sdk/ndk/21.1.6352462/toolchains/llvm/prebuilt/windows-x86_64/lib/gcc/i686-linux-android/4.9.x
Candidate multilib: .;@m32
Selected multilib: .;@m32
 "C:/Users/yisra/AppData/Local/Android/Sdk/ndk/21.1.6352462/toolchains/llvm/prebuilt/windows-x86_64/lib/gcc/i686-linux-android/4.9.x/../../../../i686-linux-android/bin\\ld" --sysroot=C:/Users/yisra/AppData/Local/Android/Sdk/ndk/21.1.6352462/toolchains/llvm/prebuilt/windows-x86_64/sysroot -pie -z noexecstack --warn-shared-textrel -z now -z relro --hash-style=both --enable-new-dtags --eh-frame-hdr -m elf_i386 -dynamic-linker /system/bin/linker -o cmTC_1ae95 "C:/Users/yisra/AppData/Local/Android/Sdk/ndk/21.1.6352462/toolchains/llvm/prebuilt/windows-x86_64/sysroot/usr/lib/i686-linux-android/19\\crtbegin_dynamic.o" "-LC:\\Users\\yisra\\AppData\\Local\\Android\\Sdk\\ndk\\21.1.6352462\\toolchains\\llvm\\prebuilt\\windows-x86_64\\lib64\\clang\\9.0.8\\lib\\linux\\i386" -LC:/Users/yisra/AppData/Local/Android/Sdk/ndk/21.1.6352462/toolchains/llvm/prebuilt/windows-x86_64/lib/gcc/i686-linux-android/4.9.x -LC:/Users/yisra/AppData/Local/Android/Sdk/ndk/21.1.6352462/toolchains/llvm/prebuilt/windows-x86_64/sysroot/usr/lib/i686-linux-android/19 -LC:/Users/yisra/AppData/Local/Android/Sdk/ndk/21.1.6352462/toolchains/llvm/prebuilt/windows-x86_64/sysroot/usr/lib/i686-linux-android -LC:/Users/yisra/AppData/Local/Android/Sdk/ndk/21.1.6352462/toolchains/llvm/prebuilt/windows-x86_64/lib/gcc/i686-linux-android/4.9.x/../../../../i686-linux-android/lib -LC:/Users/yisra/AppData/Local/Android/Sdk/ndk/21.1.6352462/toolchains/llvm/prebuilt/windows-x86_64/sysroot/usr/lib --exclude-libs libgcc.a --exclude-libs libgcc_real.a --exclude-libs libatomic.a --build-id --fatal-warnings --no-undefined --gc-sections CMakeFiles/cmTC_1ae95.dir/CMakeCCompilerABI.c.o -lgcc -ldl -lc -lgcc -ldl "C:/Users/yisra/AppData/Local/Android/Sdk/ndk/21.1.6352462/toolchains/llvm/prebuilt/windows-x86_64/sysroot/usr/lib/i686-linux-android/19\\crtend_android.o"


Parsed C implicit link information from above output:
  link line regex: [^( *|.*[/\])(i686-linux-android-ld\.exe|CMAKE_LINK_STARTFILE-NOTFOUND|([^/\]+-)?ld|collect2)[^/\]*( |$)]
  ignore line: [Change Dir: C:/Users/yisra/AndroidStudioProjects/SuperPowered/Examples_Android/SuperpoweredPlayer - Copy/app/.cxx/cmake/release/x86/CMakeFiles/CMakeTmp]
  ignore line: []
  ignore line: [Run Build Command:"C:\Users\yisra\AppData\Local\Android\Sdk\cmake\3.10.2.4988404\bin\ninja.exe" "cmTC_1ae95"]
  ignore line: [[1/2] Building C object CMakeFiles/cmTC_1ae95.dir/CMakeCCompilerABI.c.o]
  ignore line: [[2/2] Linking C executable cmTC_1ae95]
  ignore line: [Android (6317467 based on r365631c1) clang version 9.0.8 (https://android.googlesource.com/toolchain/llvm-project e0caee08e5f09b374a27a676d04978c81fcb1928) (based on LLVM 9.0.8svn)]
  ignore line: [Target: i686-none-linux-android19]
  ignore line: [Thread model: posix]
  ignore line: [InstalledDir: C:\Users\yisra\AppData\Local\Android\Sdk\ndk\21.1.6352462\toolchains\llvm\prebuilt\windows-x86_64\bin]
  ignore line: [Found candidate GCC installation: C:/Users/yisra/AppData/Local/Android/Sdk/ndk/21.1.6352462/toolchains/llvm/prebuilt/windows-x86_64/lib/gcc/i686-linux-android\4.9.x]
  ignore line: [Found candidate GCC installation: C:/Users/yisra/AppData/Local/Android/Sdk/ndk/21.1.6352462/toolchains/llvm/prebuilt/windows-x86_64/lib/gcc/x86_64-linux-android\4.9.x]
  ignore line: [Selected GCC installation: C:/Users/yisra/AppData/Local/Android/Sdk/ndk/21.1.6352462/toolchains/llvm/prebuilt/windows-x86_64/lib/gcc/i686-linux-android/4.9.x]
  ignore line: [Candidate multilib: .]
  ignore line: [@m32]
  ignore line: [Selected multilib: .]
  ignore line: [@m32]
  link line: [ "C:/Users/yisra/AppData/Local/Android/Sdk/ndk/21.1.6352462/toolchains/llvm/prebuilt/windows-x86_64/lib/gcc/i686-linux-android/4.9.x/../../../../i686-linux-android/bin\\ld" --sysroot=C:/Users/yisra/AppData/Local/Android/Sdk/ndk/21.1.6352462/toolchains/llvm/prebuilt/windows-x86_64/sysroot -pie -z noexecstack --warn-shared-textrel -z now -z relro --hash-style=both --enable-new-dtags --eh-frame-hdr -m elf_i386 -dynamic-linker /system/bin/linker -o cmTC_1ae95 "C:/Users/yisra/AppData/Local/Android/Sdk/ndk/21.1.6352462/toolchains/llvm/prebuilt/windows-x86_64/sysroot/usr/lib/i686-linux-android/19\\crtbegin_dynamic.o" "-LC:\\Users\\yisra\\AppData\\Local\\Android\\Sdk\\ndk\\21.1.6352462\\toolchains\\llvm\\prebuilt\\windows-x86_64\\lib64\\clang\\9.0.8\\lib\\linux\\i386" -LC:/Users/yisra/AppData/Local/Android/Sdk/ndk/21.1.6352462/toolchains/llvm/prebuilt/windows-x86_64/lib/gcc/i686-linux-android/4.9.x -LC:/Users/yisra/AppData/Local/Android/Sdk/ndk/21.1.6352462/toolchains/llvm/prebuilt/windows-x86_64/sysroot/usr/lib/i686-linux-android/19 -LC:/Users/yisra/AppData/Local/Android/Sdk/ndk/21.1.6352462/toolchains/llvm/prebuilt/windows-x86_64/sysroot/usr/lib/i686-linux-android -LC:/Users/yisra/AppData/Local/Android/Sdk/ndk/21.1.6352462/toolchains/llvm/prebuilt/windows-x86_64/lib/gcc/i686-linux-android/4.9.x/../../../../i686-linux-android/lib -LC:/Users/yisra/AppData/Local/Android/Sdk/ndk/21.1.6352462/toolchains/llvm/prebuilt/windows-x86_64/sysroot/usr/lib --exclude-libs libgcc.a --exclude-libs libgcc_real.a --exclude-libs libatomic.a --build-id --fatal-warnings --no-undefined --gc-sections CMakeFiles/cmTC_1ae95.dir/CMakeCCompilerABI.c.o -lgcc -ldl -lc -lgcc -ldl "C:/Users/yisra/AppData/Local/Android/Sdk/ndk/21.1.6352462/toolchains/llvm/prebuilt/windows-x86_64/sysroot/usr/lib/i686-linux-android/19\\crtend_android.o"]
    arg [C:/Users/yisra/AppData/Local/Android/Sdk/ndk/21.1.6352462/toolchains/llvm/prebuilt/windows-x86_64/lib/gcc/i686-linux-android/4.9.x/../../../../i686-linux-android/bin\\ld] ==> ignore
    arg [--sysroot=C:/Users/yisra/AppData/Local/Android/Sdk/ndk/21.1.6352462/toolchains/llvm/prebuilt/windows-x86_64/sysroot] ==> ignore
    arg [-pie] ==> ignore
    arg [-znoexecstack] ==> ignore
    arg [--warn-shared-textrel] ==> ignore
    arg [-znow] ==> ignore
    arg [-zrelro] ==> ignore
    arg [--hash-style=both] ==> ignore
    arg [--enable-new-dtags] ==> ignore
    arg [--eh-frame-hdr] ==> ignore
    arg [-m] ==> ignore
    arg [elf_i386] ==> ignore
    arg [-dynamic-linker] ==> ignore
    arg [/system/bin/linker] ==> ignore
    arg [-o] ==> ignore
    arg [cmTC_1ae95] ==> ignore
    arg [C:/Users/yisra/AppData/Local/Android/Sdk/ndk/21.1.6352462/toolchains/llvm/prebuilt/windows-x86_64/sysroot/usr/lib/i686-linux-android/19\\crtbegin_dynamic.o] ==> ignore
    arg [-LC:\\Users\\yisra\\AppData\\Local\\Android\\Sdk\\ndk\\21.1.6352462\\toolchains\\llvm\\prebuilt\\windows-x86_64\\lib64\\clang\\9.0.8\\lib\\linux\\i386] ==> dir [C:\\Users\\yisra\\AppData\\Local\\Android\\Sdk\\ndk\\21.1.6352462\\toolchains\\llvm\\prebuilt\\windows-x86_64\\lib64\\clang\\9.0.8\\lib\\linux\\i386]
    arg [-LC:/Users/yisra/AppData/Local/Android/Sdk/ndk/21.1.6352462/toolchains/llvm/prebuilt/windows-x86_64/lib/gcc/i686-linux-android/4.9.x] ==> dir [C:/Users/yisra/AppData/Local/Android/Sdk/ndk/21.1.6352462/toolchains/llvm/prebuilt/windows-x86_64/lib/gcc/i686-linux-android/4.9.x]
    arg [-LC:/Users/yisra/AppData/Local/Android/Sdk/ndk/21.1.6352462/toolchains/llvm/prebuilt/windows-x86_64/sysroot/usr/lib/i686-linux-android/19] ==> dir [C:/Users/yisra/AppData/Local/Android/Sdk/ndk/21.1.6352462/toolchains/llvm/prebuilt/windows-x86_64/sysroot/usr/lib/i686-linux-android/19]
    arg [-LC:/Users/yisra/AppData/Local/Android/Sdk/ndk/21.1.6352462/toolchains/llvm/prebuilt/windows-x86_64/sysroot/usr/lib/i686-linux-android] ==> dir [C:/Users/yisra/AppData/Local/Android/Sdk/ndk/21.1.6352462/toolchains/llvm/prebuilt/windows-x86_64/sysroot/usr/lib/i686-linux-android]
    arg [-LC:/Users/yisra/AppData/Local/Android/Sdk/ndk/21.1.6352462/toolchains/llvm/prebuilt/windows-x86_64/lib/gcc/i686-linux-android/4.9.x/../../../../i686-linux-android/lib] ==> dir [C:/Users/yisra/AppData/Local/Android/Sdk/ndk/21.1.6352462/toolchains/llvm/prebuilt/windows-x86_64/lib/gcc/i686-linux-android/4.9.x/../../../../i686-linux-android/lib]
    arg [-LC:/Users/yisra/AppData/Local/Android/Sdk/ndk/21.1.6352462/toolchains/llvm/prebuilt/windows-x86_64/sysroot/usr/lib] ==> dir [C:/Users/yisra/AppData/Local/Android/Sdk/ndk/21.1.6352462/toolchains/llvm/prebuilt/windows-x86_64/sysroot/usr/lib]
    arg [--exclude-libs] ==> ignore
    arg [libgcc.a] ==> ignore
    arg [--exclude-libs] ==> ignore
    arg [libgcc_real.a] ==> ignore
    arg [--exclude-libs] ==> ignore
    arg [libatomic.a] ==> ignore
    arg [--build-id] ==> ignore
    arg [--fatal-warnings] ==> ignore
    arg [--no-undefined] ==> ignore
    arg [--gc-sections] ==> ignore
    arg [CMakeFiles/cmTC_1ae95.dir/CMakeCCompilerABI.c.o] ==> ignore
    arg [-lgcc] ==> lib [gcc]
    arg [-ldl] ==> lib [dl]
    arg [-lc] ==> lib [c]
    arg [-lgcc] ==> lib [gcc]
    arg [-ldl] ==> lib [dl]
    arg [C:/Users/yisra/AppData/Local/Android/Sdk/ndk/21.1.6352462/toolchains/llvm/prebuilt/windows-x86_64/sysroot/usr/lib/i686-linux-android/19\\crtend_android.o] ==> ignore
  collapse library dir [C:\\Users\\yisra\\AppData\\Local\\Android\\Sdk\\ndk\\21.1.6352462\\toolchains\\llvm\\prebuilt\\windows-x86_64\\lib64\\clang\\9.0.8\\lib\\linux\\i386] ==> [C:/Users/yisra/AppData/Local/Android/Sdk/ndk/21.1.6352462/toolchains/llvm/prebuilt/windows-x86_64/lib64/clang/9.0.8/lib/linux/i386]
  collapse library dir [C:/Users/yisra/AppData/Local/Android/Sdk/ndk/21.1.6352462/toolchains/llvm/prebuilt/windows-x86_64/lib/gcc/i686-linux-android/4.9.x] ==> [C:/Users/yisra/AppData/Local/Android/Sdk/ndk/21.1.6352462/toolchains/llvm/prebuilt/windows-x86_64/lib/gcc/i686-linux-android/4.9.x]
  collapse library dir [C:/Users/yisra/AppData/Local/Android/Sdk/ndk/21.1.6352462/toolchains/llvm/prebuilt/windows-x86_64/sysroot/usr/lib/i686-linux-android/19] ==> [C:/Users/yisra/AppData/Local/Android/Sdk/ndk/21.1.6352462/toolchains/llvm/prebuilt/windows-x86_64/sysroot/usr/lib/i686-linux-android/19]
  collapse library dir [C:/Users/yisra/AppData/Local/Android/Sdk/ndk/21.1.6352462/toolchains/llvm/prebuilt/windows-x86_64/sysroot/usr/lib/i686-linux-android] ==> [C:/Users/yisra/AppData/Local/Android/Sdk/ndk/21.1.6352462/toolchains/llvm/prebuilt/windows-x86_64/sysroot/usr/lib/i686-linux-android]
  collapse library dir [C:/Users/yisra/AppData/Local/Android/Sdk/ndk/21.1.6352462/toolchains/llvm/prebuilt/windows-x86_64/lib/gcc/i686-linux-android/4.9.x/../../../../i686-linux-android/lib] ==> [C:/Users/yisra/AppData/Local/Android/Sdk/ndk/21.1.6352462/toolchains/llvm/prebuilt/windows-x86_64/i686-linux-android/lib]
  collapse library dir [C:/Users/yisra/AppData/Local/Android/Sdk/ndk/21.1.6352462/toolchains/llvm/prebuilt/windows-x86_64/sysroot/usr/lib] ==> [C:/Users/yisra/AppData/Local/Android/Sdk/ndk/21.1.6352462/toolchains/llvm/prebuilt/windows-x86_64/sysroot/usr/lib]
  implicit libs: [gcc;dl;c;gcc;dl]
  implicit dirs: [C:/Users/yisra/AppData/Local/Android/Sdk/ndk/21.1.6352462/toolchains/llvm/prebuilt/windows-x86_64/lib64/clang/9.0.8/lib/linux/i386;C:/Users/yisra/AppData/Local/Android/Sdk/ndk/21.1.6352462/toolchains/llvm/prebuilt/windows-x86_64/lib/gcc/i686-linux-android/4.9.x;C:/Users/yisra/AppData/Local/Android/Sdk/ndk/21.1.6352462/toolchains/llvm/prebuilt/windows-x86_64/sysroot/usr/lib/i686-linux-android/19;C:/Users/yisra/AppData/Local/Android/Sdk/ndk/21.1.6352462/toolchains/llvm/prebuilt/windows-x86_64/sysroot/usr/lib/i686-linux-android;C:/Users/yisra/AppData/Local/Android/Sdk/ndk/21.1.6352462/toolchains/llvm/prebuilt/windows-x86_64/i686-linux-android/lib;C:/Users/yisra/AppData/Local/Android/Sdk/ndk/21.1.6352462/toolchains/llvm/prebuilt/windows-x86_64/sysroot/usr/lib]
  implicit fwks: []




Detecting C [-std=c11] compiler features compiled with the following output:
Change Dir: C:/Users/yisra/AndroidStudioProjects/SuperPowered/Examples_Android/SuperpoweredPlayer - Copy/app/.cxx/cmake/release/x86/CMakeFiles/CMakeTmp

Run Build Command:"C:\Users\yisra\AppData\Local\Android\Sdk\cmake\3.10.2.4988404\bin\ninja.exe" "cmTC_f4d06"
[1/2] Building C object CMakeFiles/cmTC_f4d06.dir/feature_tests.c.o
[2/2] Linking C executable cmTC_f4d06


    Feature record: C_FEATURE:1c_function_prototypes
    Feature record: C_FEATURE:1c_restrict
    Feature record: C_FEATURE:1c_static_assert
    Feature record: C_FEATURE:1c_variadic_macros


Detecting C [-std=c99] compiler features compiled with the following output:
Change Dir: C:/Users/yisra/AndroidStudioProjects/SuperPowered/Examples_Android/SuperpoweredPlayer - Copy/app/.cxx/cmake/release/x86/CMakeFiles/CMakeTmp

Run Build Command:"C:\Users\yisra\AppData\Local\Android\Sdk\cmake\3.10.2.4988404\bin\ninja.exe" "cmTC_fc727"
[1/2] Building C object CMakeFiles/cmTC_fc727.dir/feature_tests.c.o
[2/2] Linking C executable cmTC_fc727


    Feature record: C_FEATURE:1c_function_prototypes
    Feature record: C_FEATURE:1c_restrict
    Feature record: C_FEATURE:0c_static_assert
    Feature record: C_FEATURE:1c_variadic_macros


Detecting C [-std=c90] compiler features compiled with the following output:
Change Dir: C:/Users/yisra/AndroidStudioProjects/SuperPowered/Examples_Android/SuperpoweredPlayer - Copy/app/.cxx/cmake/release/x86/CMakeFiles/CMakeTmp

Run Build Command:"C:\Users\yisra\AppData\Local\Android\Sdk\cmake\3.10.2.4988404\bin\ninja.exe" "cmTC_796d1"
[1/2] Building C object CMakeFiles/cmTC_796d1.dir/feature_tests.c.o
[2/2] Linking C executable cmTC_796d1


    Feature record: C_FEATURE:1c_function_prototypes
    Feature record: C_FEATURE:0c_restrict
    Feature record: C_FEATURE:0c_static_assert
    Feature record: C_FEATURE:0c_variadic_macros
