The target system is: Android - 1 - aarch64
The host system is: Windows - 10.0.17134 - AMD64
Determining if the C compiler works passed with the following output:
Change Dir: C:/Users/yisra/AndroidStudioProjects/SuperPowered/Examples_Android/SuperpoweredPlayer - Copy/app/.cxx/cmake/release/arm64-v8a/CMakeFiles/CMakeTmp

Run Build Command:"C:\Users\yisra\AppData\Local\Android\Sdk\cmake\3.10.2.4988404\bin\ninja.exe" "cmTC_be777"
[1/2] Building C object CMakeFiles/cmTC_be777.dir/testCCompiler.c.o
[2/2] Linking C executable cmTC_be777


Detecting C compiler ABI info compiled with the following output:
Change Dir: C:/Users/yisra/AndroidStudioProjects/SuperPowered/Examples_Android/SuperpoweredPlayer - Copy/app/.cxx/cmake/release/arm64-v8a/CMakeFiles/CMakeTmp

Run Build Command:"C:\Users\yisra\AppData\Local\Android\Sdk\cmake\3.10.2.4988404\bin\ninja.exe" "cmTC_2c53f"
[1/2] Building C object CMakeFiles/cmTC_2c53f.dir/CMakeCCompilerABI.c.o
[2/2] Linking C executable cmTC_2c53f
Android (6317467 based on r365631c1) clang version 9.0.8 (https://android.googlesource.com/toolchain/llvm-project e0caee08e5f09b374a27a676d04978c81fcb1928) (based on LLVM 9.0.8svn)
Target: aarch64-none-linux-android21
Thread model: posix
InstalledDir: C:\Users\yisra\AppData\Local\Android\Sdk\ndk\21.1.6352462\toolchains\llvm\prebuilt\windows-x86_64\bin
Found candidate GCC installation: C:/Users/yisra/AppData/Local/Android/Sdk/ndk/21.1.6352462/toolchains/llvm/prebuilt/windows-x86_64/lib/gcc/aarch64-linux-android\4.9.x
Selected GCC installation: C:/Users/yisra/AppData/Local/Android/Sdk/ndk/21.1.6352462/toolchains/llvm/prebuilt/windows-x86_64/lib/gcc/aarch64-linux-android/4.9.x
Candidate multilib: .;@m64
Selected multilib: .;@m64
 "C:/Users/yisra/AppData/Local/Android/Sdk/ndk/21.1.6352462/toolchains/llvm/prebuilt/windows-x86_64/lib/gcc/aarch64-linux-android/4.9.x/../../../../aarch64-linux-android/bin\\ld" --sysroot=C:/Users/yisra/AppData/Local/Android/Sdk/ndk/21.1.6352462/toolchains/llvm/prebuilt/windows-x86_64/sysroot -pie -z noexecstack -EL --fix-cortex-a53-843419 --warn-shared-textrel -z now -z relro -z max-page-size=4096 --hash-style=both --enable-new-dtags --eh-frame-hdr -m aarch64linux -dynamic-linker /system/bin/linker64 -o cmTC_2c53f "C:/Users/yisra/AppData/Local/Android/Sdk/ndk/21.1.6352462/toolchains/llvm/prebuilt/windows-x86_64/sysroot/usr/lib/aarch64-linux-android/21\\crtbegin_dynamic.o" "-LC:\\Users\\yisra\\AppData\\Local\\Android\\Sdk\\ndk\\21.1.6352462\\toolchains\\llvm\\prebuilt\\windows-x86_64\\lib64\\clang\\9.0.8\\lib\\linux\\aarch64" -LC:/Users/yisra/AppData/Local/Android/Sdk/ndk/21.1.6352462/toolchains/llvm/prebuilt/windows-x86_64/lib/gcc/aarch64-linux-android/4.9.x -LC:/Users/yisra/AppData/Local/Android/Sdk/ndk/21.1.6352462/toolchains/llvm/prebuilt/windows-x86_64/lib/gcc/aarch64-linux-android/4.9.x/../../../../aarch64-linux-android/lib/../lib64 -LC:/Users/yisra/AppData/Local/Android/Sdk/ndk/21.1.6352462/toolchains/llvm/prebuilt/windows-x86_64/sysroot/usr/lib/aarch64-linux-android/21 -LC:/Users/yisra/AppData/Local/Android/Sdk/ndk/21.1.6352462/toolchains/llvm/prebuilt/windows-x86_64/sysroot/usr/lib/aarch64-linux-android -LC:/Users/yisra/AppData/Local/Android/Sdk/ndk/21.1.6352462/toolchains/llvm/prebuilt/windows-x86_64/lib/gcc/aarch64-linux-android/4.9.x/../../../../aarch64-linux-android/lib -LC:/Users/yisra/AppData/Local/Android/Sdk/ndk/21.1.6352462/toolchains/llvm/prebuilt/windows-x86_64/sysroot/usr/lib --exclude-libs libgcc.a --exclude-libs libgcc_real.a --exclude-libs libatomic.a --build-id --fatal-warnings --no-undefined --gc-sections CMakeFiles/cmTC_2c53f.dir/CMakeCCompilerABI.c.o -lgcc -ldl -lc -lgcc -ldl "C:/Users/yisra/AppData/Local/Android/Sdk/ndk/21.1.6352462/toolchains/llvm/prebuilt/windows-x86_64/sysroot/usr/lib/aarch64-linux-android/21\\crtend_android.o"


Parsed C implicit link information from above output:
  link line regex: [^( *|.*[/\])(aarch64-linux-android-ld\.exe|CMAKE_LINK_STARTFILE-NOTFOUND|([^/\]+-)?ld|collect2)[^/\]*( |$)]
  ignore line: [Change Dir: C:/Users/yisra/AndroidStudioProjects/SuperPowered/Examples_Android/SuperpoweredPlayer - Copy/app/.cxx/cmake/release/arm64-v8a/CMakeFiles/CMakeTmp]
  ignore line: []
  ignore line: [Run Build Command:"C:\Users\yisra\AppData\Local\Android\Sdk\cmake\3.10.2.4988404\bin\ninja.exe" "cmTC_2c53f"]
  ignore line: [[1/2] Building C object CMakeFiles/cmTC_2c53f.dir/CMakeCCompilerABI.c.o]
  ignore line: [[2/2] Linking C executable cmTC_2c53f]
  ignore line: [Android (6317467 based on r365631c1) clang version 9.0.8 (https://android.googlesource.com/toolchain/llvm-project e0caee08e5f09b374a27a676d04978c81fcb1928) (based on LLVM 9.0.8svn)]
  ignore line: [Target: aarch64-none-linux-android21]
  ignore line: [Thread model: posix]
  ignore line: [InstalledDir: C:\Users\yisra\AppData\Local\Android\Sdk\ndk\21.1.6352462\toolchains\llvm\prebuilt\windows-x86_64\bin]
  ignore line: [Found candidate GCC installation: C:/Users/yisra/AppData/Local/Android/Sdk/ndk/21.1.6352462/toolchains/llvm/prebuilt/windows-x86_64/lib/gcc/aarch64-linux-android\4.9.x]
  ignore line: [Selected GCC installation: C:/Users/yisra/AppData/Local/Android/Sdk/ndk/21.1.6352462/toolchains/llvm/prebuilt/windows-x86_64/lib/gcc/aarch64-linux-android/4.9.x]
  ignore line: [Candidate multilib: .]
  ignore line: [@m64]
  ignore line: [Selected multilib: .]
  ignore line: [@m64]
  link line: [ "C:/Users/yisra/AppData/Local/Android/Sdk/ndk/21.1.6352462/toolchains/llvm/prebuilt/windows-x86_64/lib/gcc/aarch64-linux-android/4.9.x/../../../../aarch64-linux-android/bin\\ld" --sysroot=C:/Users/yisra/AppData/Local/Android/Sdk/ndk/21.1.6352462/toolchains/llvm/prebuilt/windows-x86_64/sysroot -pie -z noexecstack -EL --fix-cortex-a53-843419 --warn-shared-textrel -z now -z relro -z max-page-size=4096 --hash-style=both --enable-new-dtags --eh-frame-hdr -m aarch64linux -dynamic-linker /system/bin/linker64 -o cmTC_2c53f "C:/Users/yisra/AppData/Local/Android/Sdk/ndk/21.1.6352462/toolchains/llvm/prebuilt/windows-x86_64/sysroot/usr/lib/aarch64-linux-android/21\\crtbegin_dynamic.o" "-LC:\\Users\\yisra\\AppData\\Local\\Android\\Sdk\\ndk\\21.1.6352462\\toolchains\\llvm\\prebuilt\\windows-x86_64\\lib64\\clang\\9.0.8\\lib\\linux\\aarch64" -LC:/Users/yisra/AppData/Local/Android/Sdk/ndk/21.1.6352462/toolchains/llvm/prebuilt/windows-x86_64/lib/gcc/aarch64-linux-android/4.9.x -LC:/Users/yisra/AppData/Local/Android/Sdk/ndk/21.1.6352462/toolchains/llvm/prebuilt/windows-x86_64/lib/gcc/aarch64-linux-android/4.9.x/../../../../aarch64-linux-android/lib/../lib64 -LC:/Users/yisra/AppData/Local/Android/Sdk/ndk/21.1.6352462/toolchains/llvm/prebuilt/windows-x86_64/sysroot/usr/lib/aarch64-linux-android/21 -LC:/Users/yisra/AppData/Local/Android/Sdk/ndk/21.1.6352462/toolchains/llvm/prebuilt/windows-x86_64/sysroot/usr/lib/aarch64-linux-android -LC:/Users/yisra/AppData/Local/Android/Sdk/ndk/21.1.6352462/toolchains/llvm/prebuilt/windows-x86_64/lib/gcc/aarch64-linux-android/4.9.x/../../../../aarch64-linux-android/lib -LC:/Users/yisra/AppData/Local/Android/Sdk/ndk/21.1.6352462/toolchains/llvm/prebuilt/windows-x86_64/sysroot/usr/lib --exclude-libs libgcc.a --exclude-libs libgcc_real.a --exclude-libs libatomic.a --build-id --fatal-warnings --no-undefined --gc-sections CMakeFiles/cmTC_2c53f.dir/CMakeCCompilerABI.c.o -lgcc -ldl -lc -lgcc -ldl "C:/Users/yisra/AppData/Local/Android/Sdk/ndk/21.1.6352462/toolchains/llvm/prebuilt/windows-x86_64/sysroot/usr/lib/aarch64-linux-android/21\\crtend_android.o"]
    arg [C:/Users/yisra/AppData/Local/Android/Sdk/ndk/21.1.6352462/toolchains/llvm/prebuilt/windows-x86_64/lib/gcc/aarch64-linux-android/4.9.x/../../../../aarch64-linux-android/bin\\ld] ==> ignore
    arg [--sysroot=C:/Users/yisra/AppData/Local/Android/Sdk/ndk/21.1.6352462/toolchains/llvm/prebuilt/windows-x86_64/sysroot] ==> ignore
    arg [-pie] ==> ignore
    arg [-znoexecstack] ==> ignore
    arg [-EL] ==> ignore
    arg [--fix-cortex-a53-843419] ==> ignore
    arg [--warn-shared-textrel] ==> ignore
    arg [-znow] ==> ignore
    arg [-zrelro] ==> ignore
    arg [-zmax-page-size=4096] ==> ignore
    arg [--hash-style=both] ==> ignore
    arg [--enable-new-dtags] ==> ignore
    arg [--eh-frame-hdr] ==> ignore
    arg [-m] ==> ignore
    arg [aarch64linux] ==> ignore
    arg [-dynamic-linker] ==> ignore
    arg [/system/bin/linker64] ==> ignore
    arg [-o] ==> ignore
    arg [cmTC_2c53f] ==> ignore
    arg [C:/Users/yisra/AppData/Local/Android/Sdk/ndk/21.1.6352462/toolchains/llvm/prebuilt/windows-x86_64/sysroot/usr/lib/aarch64-linux-android/21\\crtbegin_dynamic.o] ==> ignore
    arg [-LC:\\Users\\yisra\\AppData\\Local\\Android\\Sdk\\ndk\\21.1.6352462\\toolchains\\llvm\\prebuilt\\windows-x86_64\\lib64\\clang\\9.0.8\\lib\\linux\\aarch64] ==> dir [C:\\Users\\yisra\\AppData\\Local\\Android\\Sdk\\ndk\\21.1.6352462\\toolchains\\llvm\\prebuilt\\windows-x86_64\\lib64\\clang\\9.0.8\\lib\\linux\\aarch64]
    arg [-LC:/Users/yisra/AppData/Local/Android/Sdk/ndk/21.1.6352462/toolchains/llvm/prebuilt/windows-x86_64/lib/gcc/aarch64-linux-android/4.9.x] ==> dir [C:/Users/yisra/AppData/Local/Android/Sdk/ndk/21.1.6352462/toolchains/llvm/prebuilt/windows-x86_64/lib/gcc/aarch64-linux-android/4.9.x]
    arg [-LC:/Users/yisra/AppData/Local/Android/Sdk/ndk/21.1.6352462/toolchains/llvm/prebuilt/windows-x86_64/lib/gcc/aarch64-linux-android/4.9.x/../../../../aarch64-linux-android/lib/../lib64] ==> dir [C:/Users/yisra/AppData/Local/Android/Sdk/ndk/21.1.6352462/toolchains/llvm/prebuilt/windows-x86_64/lib/gcc/aarch64-linux-android/4.9.x/../../../../aarch64-linux-android/lib/../lib64]
    arg [-LC:/Users/yisra/AppData/Local/Android/Sdk/ndk/21.1.6352462/toolchains/llvm/prebuilt/windows-x86_64/sysroot/usr/lib/aarch64-linux-android/21] ==> dir [C:/Users/yisra/AppData/Local/Android/Sdk/ndk/21.1.6352462/toolchains/llvm/prebuilt/windows-x86_64/sysroot/usr/lib/aarch64-linux-android/21]
    arg [-LC:/Users/yisra/AppData/Local/Android/Sdk/ndk/21.1.6352462/toolchains/llvm/prebuilt/windows-x86_64/sysroot/usr/lib/aarch64-linux-android] ==> dir [C:/Users/yisra/AppData/Local/Android/Sdk/ndk/21.1.6352462/toolchains/llvm/prebuilt/windows-x86_64/sysroot/usr/lib/aarch64-linux-android]
    arg [-LC:/Users/yisra/AppData/Local/Android/Sdk/ndk/21.1.6352462/toolchains/llvm/prebuilt/windows-x86_64/lib/gcc/aarch64-linux-android/4.9.x/../../../../aarch64-linux-android/lib] ==> dir [C:/Users/yisra/AppData/Local/Android/Sdk/ndk/21.1.6352462/toolchains/llvm/prebuilt/windows-x86_64/lib/gcc/aarch64-linux-android/4.9.x/../../../../aarch64-linux-android/lib]
    arg [-LC:/Users/yisra/AppData/Local/Android/Sdk/ndk/21.1.6352462/toolchains/llvm/prebuilt/windows-x86_64/sysroot/usr/lib] ==> dir [C:/Users/yisra/AppData/Local/Android/Sdk/ndk/21.1.6352462/toolchains/llvm/prebuilt/windows-x86_64/sysroot/usr/lib]
    arg [--exclude-libs] ==> ignore
    arg [libgcc.a] ==> ignore
    arg [--exclude-libs] ==> ignore
    arg [libgcc_real.a] ==> ignore
    arg [--exclude-libs] ==> ignore
    arg [libatomic.a] ==> ignore
    arg [--build-id] ==> ignore
    arg [--fatal-warnings] ==> ignore
    arg [--no-undefined] ==> ignore
    arg [--gc-sections] ==> ignore
    arg [CMakeFiles/cmTC_2c53f.dir/CMakeCCompilerABI.c.o] ==> ignore
    arg [-lgcc] ==> lib [gcc]
    arg [-ldl] ==> lib [dl]
    arg [-lc] ==> lib [c]
    arg [-lgcc] ==> lib [gcc]
    arg [-ldl] ==> lib [dl]
    arg [C:/Users/yisra/AppData/Local/Android/Sdk/ndk/21.1.6352462/toolchains/llvm/prebuilt/windows-x86_64/sysroot/usr/lib/aarch64-linux-android/21\\crtend_android.o] ==> ignore
  collapse library dir [C:\\Users\\yisra\\AppData\\Local\\Android\\Sdk\\ndk\\21.1.6352462\\toolchains\\llvm\\prebuilt\\windows-x86_64\\lib64\\clang\\9.0.8\\lib\\linux\\aarch64] ==> [C:/Users/yisra/AppData/Local/Android/Sdk/ndk/21.1.6352462/toolchains/llvm/prebuilt/windows-x86_64/lib64/clang/9.0.8/lib/linux/aarch64]
  collapse library dir [C:/Users/yisra/AppData/Local/Android/Sdk/ndk/21.1.6352462/toolchains/llvm/prebuilt/windows-x86_64/lib/gcc/aarch64-linux-android/4.9.x] ==> [C:/Users/yisra/AppData/Local/Android/Sdk/ndk/21.1.6352462/toolchains/llvm/prebuilt/windows-x86_64/lib/gcc/aarch64-linux-android/4.9.x]
  collapse library dir [C:/Users/yisra/AppData/Local/Android/Sdk/ndk/21.1.6352462/toolchains/llvm/prebuilt/windows-x86_64/lib/gcc/aarch64-linux-android/4.9.x/../../../../aarch64-linux-android/lib/../lib64] ==> [C:/Users/yisra/AppData/Local/Android/Sdk/ndk/21.1.6352462/toolchains/llvm/prebuilt/windows-x86_64/aarch64-linux-android/lib64]
  collapse library dir [C:/Users/yisra/AppData/Local/Android/Sdk/ndk/21.1.6352462/toolchains/llvm/prebuilt/windows-x86_64/sysroot/usr/lib/aarch64-linux-android/21] ==> [C:/Users/yisra/AppData/Local/Android/Sdk/ndk/21.1.6352462/toolchains/llvm/prebuilt/windows-x86_64/sysroot/usr/lib/aarch64-linux-android/21]
  collapse library dir [C:/Users/yisra/AppData/Local/Android/Sdk/ndk/21.1.6352462/toolchains/llvm/prebuilt/windows-x86_64/sysroot/usr/lib/aarch64-linux-android] ==> [C:/Users/yisra/AppData/Local/Android/Sdk/ndk/21.1.6352462/toolchains/llvm/prebuilt/windows-x86_64/sysroot/usr/lib/aarch64-linux-android]
  collapse library dir [C:/Users/yisra/AppData/Local/Android/Sdk/ndk/21.1.6352462/toolchains/llvm/prebuilt/windows-x86_64/lib/gcc/aarch64-linux-android/4.9.x/../../../../aarch64-linux-android/lib] ==> [C:/Users/yisra/AppData/Local/Android/Sdk/ndk/21.1.6352462/toolchains/llvm/prebuilt/windows-x86_64/aarch64-linux-android/lib]
  collapse library dir [C:/Users/yisra/AppData/Local/Android/Sdk/ndk/21.1.6352462/toolchains/llvm/prebuilt/windows-x86_64/sysroot/usr/lib] ==> [C:/Users/yisra/AppData/Local/Android/Sdk/ndk/21.1.6352462/toolchains/llvm/prebuilt/windows-x86_64/sysroot/usr/lib]
  implicit libs: [gcc;dl;c;gcc;dl]
  implicit dirs: [C:/Users/yisra/AppData/Local/Android/Sdk/ndk/21.1.6352462/toolchains/llvm/prebuilt/windows-x86_64/lib64/clang/9.0.8/lib/linux/aarch64;C:/Users/yisra/AppData/Local/Android/Sdk/ndk/21.1.6352462/toolchains/llvm/prebuilt/windows-x86_64/lib/gcc/aarch64-linux-android/4.9.x;C:/Users/yisra/AppData/Local/Android/Sdk/ndk/21.1.6352462/toolchains/llvm/prebuilt/windows-x86_64/aarch64-linux-android/lib64;C:/Users/yisra/AppData/Local/Android/Sdk/ndk/21.1.6352462/toolchains/llvm/prebuilt/windows-x86_64/sysroot/usr/lib/aarch64-linux-android/21;C:/Users/yisra/AppData/Local/Android/Sdk/ndk/21.1.6352462/toolchains/llvm/prebuilt/windows-x86_64/sysroot/usr/lib/aarch64-linux-android;C:/Users/yisra/AppData/Local/Android/Sdk/ndk/21.1.6352462/toolchains/llvm/prebuilt/windows-x86_64/aarch64-linux-android/lib;C:/Users/yisra/AppData/Local/Android/Sdk/ndk/21.1.6352462/toolchains/llvm/prebuilt/windows-x86_64/sysroot/usr/lib]
  implicit fwks: []




Detecting C [-std=c11] compiler features compiled with the following output:
Change Dir: C:/Users/yisra/AndroidStudioProjects/SuperPowered/Examples_Android/SuperpoweredPlayer - Copy/app/.cxx/cmake/release/arm64-v8a/CMakeFiles/CMakeTmp

Run Build Command:"C:\Users\yisra\AppData\Local\Android\Sdk\cmake\3.10.2.4988404\bin\ninja.exe" "cmTC_dbe69"
[1/2] Building C object CMakeFiles/cmTC_dbe69.dir/feature_tests.c.o
[2/2] Linking C executable cmTC_dbe69


    Feature record: C_FEATURE:1c_function_prototypes
    Feature record: C_FEATURE:1c_restrict
    Feature record: C_FEATURE:1c_static_assert
    Feature record: C_FEATURE:1c_variadic_macros


Detecting C [-std=c99] compiler features compiled with the following output:
Change Dir: C:/Users/yisra/AndroidStudioProjects/SuperPowered/Examples_Android/SuperpoweredPlayer - Copy/app/.cxx/cmake/release/arm64-v8a/CMakeFiles/CMakeTmp

Run Build Command:"C:\Users\yisra\AppData\Local\Android\Sdk\cmake\3.10.2.4988404\bin\ninja.exe" "cmTC_12294"
[1/2] Building C object CMakeFiles/cmTC_12294.dir/feature_tests.c.o
[2/2] Linking C executable cmTC_12294


    Feature record: C_FEATURE:1c_function_prototypes
    Feature record: C_FEATURE:1c_restrict
    Feature record: C_FEATURE:0c_static_assert
    Feature record: C_FEATURE:1c_variadic_macros


Detecting C [-std=c90] compiler features compiled with the following output:
Change Dir: C:/Users/yisra/AndroidStudioProjects/SuperPowered/Examples_Android/SuperpoweredPlayer - Copy/app/.cxx/cmake/release/arm64-v8a/CMakeFiles/CMakeTmp

Run Build Command:"C:\Users\yisra\AppData\Local\Android\Sdk\cmake\3.10.2.4988404\bin\ninja.exe" "cmTC_8d994"
[1/2] Building C object CMakeFiles/cmTC_8d994.dir/feature_tests.c.o
[2/2] Linking C executable cmTC_8d994


    Feature record: C_FEATURE:1c_function_prototypes
    Feature record: C_FEATURE:0c_restrict
    Feature record: C_FEATURE:0c_static_assert
    Feature record: C_FEATURE:0c_variadic_macros
